<?xml version="1.0" encoding="UTF-8"?>
<!-- Generated by org.testng.reporters.JUnitReportReporter -->
<testsuite hostname="PPD-02020002" name="AutomaticTest.ccdai.IMsgCenterService" tests="1" failures="0" timestamp="16 Mar 2017 03:26:25 GMT" time="0.009" errors="0">
  <testcase name="parameter" time="0.009" classname="AutomaticTest.ccdai.IMsgCenterService"/>
</testsuite> <!-- AutomaticTest.ccdai.IMsgCenterService -->
