<?xml version="1.0" encoding="UTF-8"?>
<!-- Generated by org.testng.reporters.JUnitReportReporter -->
<testsuite hostname="PPD-02020002" name="DataProviderTest.DataProviderTestCase" tests="4" failures="0" timestamp="16 Mar 2017 03:26:25 GMT" time="0.001" errors="0">
  <testcase name="testDataDP1" time="0.000" classname="DataProviderTest.DataProviderTestCase"/>
  <testcase name="testDataDP1" time="0.000" classname="DataProviderTest.DataProviderTestCase"/>
  <testcase name="creatDataList1" time="0.001" classname="DataProviderTest.DataProviderTestCase"/>
  <testcase name="creatDataList1" time="0.000" classname="DataProviderTest.DataProviderTestCase"/>
</testsuite> <!-- DataProviderTest.DataProviderTestCase -->
