<?xml version="1.0" encoding="UTF-8"?>
<!-- Generated by org.testng.reporters.JUnitReportReporter -->
<testsuite hostname="PPD-02020002" name="AutomaticTest.ccdai.IMsgCenterService" tests="1" failures="0" timestamp="24 Mar 2017 06:13:57 GMT" time="0.006" errors="0">
  <testcase name="parameter" time="0.006" classname="AutomaticTest.ccdai.IMsgCenterService"/>
</testsuite> <!-- AutomaticTest.ccdai.IMsgCenterService -->
